<?xml version="1.0" encoding="UTF-8"?>
<!-- Generated by org.testng.reporters.JUnitReportReporter -->
<testsuite skipped="0" hostname="LAPTOP-NMGNCK8Q" name="com.practies.PropertyFileReading2" tests="1" failures="0" timestamp="2020-01-21T10:57:01 MST" time="0.013" errors="0">
  <testcase name="read" time="0.013" classname="com.practies.PropertyFileReading2"/>
</testsuite> <!-- com.practies.PropertyFileReading2 -->
