<?xml version="1.0" encoding="UTF-8"?>
<!-- Generated by org.testng.reporters.JUnitReportReporter -->
<testsuite skipped="0" hostname="LAPTOP-NMGNCK8Q" name="com.hrms.testcases.PimPageElementsTest" tests="1" failures="0" timestamp="2020-01-21T14:50:12 MST" time="17.465" errors="0">
  <testcase name="pimPageValidation" time="17.465" classname="com.hrms.testcases.PimPageElementsTest"/>
</testsuite> <!-- com.hrms.testcases.PimPageElementsTest -->
