<?xml version="1.0" encoding="UTF-8"?>
<!-- Generated by org.testng.reporters.JUnitReportReporter -->
<testsuite skipped="1" hostname="LAPTOP-NMGNCK8Q" name="com.hrms.testcases.LoginPageTest" tests="1" failures="0" timestamp="2020-01-25T10:49:40 MST" time="0.000" errors="0">
  <testcase name="multipleLogin" time="0.000" classname="com.hrms.testcases.LoginPageTest">
    <skipped/>
  </testcase> <!-- multipleLogin -->
</testsuite> <!-- com.hrms.testcases.LoginPageTest -->
