<?xml version="1.0" encoding="UTF-8"?>
<!-- Generated by org.testng.reporters.JUnitReportReporter -->
<testsuite skipped="0" hostname="LAPTOP-NMGNCK8Q" name="com.testcases.LoginPageTest" tests="2" failures="0" timestamp="2020-01-20T19:03:22 MST" time="19.225" errors="0">
  <testcase name="login" time="7.847" classname="com.testcases.LoginPageTest"/>
  <testcase name="negativeLogin" time="11.378" classname="com.testcases.LoginPageTest"/>
</testsuite> <!-- com.testcases.LoginPageTest -->
