<?xml version="1.0" encoding="UTF-8"?>
<!-- Generated by org.testng.reporters.JUnitReportReporter -->
<testsuite skipped="1" hostname="LAPTOP-NMGNCK8Q" name="com.hrms.testcases.LeaveListPageTest" tests="2" failures="0" timestamp="2020-01-22T20:05:58 MST" time="5.661" errors="0">
  <testcase name="leaveLabelvalidation" time="5.661" classname="com.hrms.testcases.LeaveListPageTest"/>
  <testcase name="leaveLabelvalidation1" classname="com.hrms.testcases.LeaveListPageTest">
    <skipped/>
  </testcase> <!-- leaveLabelvalidation1 -->
</testsuite> <!-- com.hrms.testcases.LeaveListPageTest -->
