<?xml version="1.0" encoding="UTF-8"?>
<!-- Generated by org.testng.reporters.JUnitReportReporter -->
<testsuite skipped="0" hostname="LAPTOP-NMGNCK8Q" name="com.practies.PropertyFileReading" tests="1" failures="0" timestamp="2020-01-21T10:56:26 MST" time="0.012" errors="0">
  <testcase name="read" time="0.012" classname="com.practies.PropertyFileReading"/>
</testsuite> <!-- com.practies.PropertyFileReading -->
