<?xml version="1.0" encoding="UTF-8"?>
<!-- Generated by org.testng.reporters.JUnitReportReporter -->
<testsuite skipped="0" hostname="LAPTOP-NMGNCK8Q" name="com.class2.Groups" tests="1" failures="0" timestamp="2020-01-15T09:28:20 MST" time="9.592" errors="0">
  <testcase name="validLogin" time="9.592" classname="com.class2.Groups"/>
</testsuite> <!-- com.class2.Groups -->
