<?xml version="1.0" encoding="UTF-8"?>
<!-- Generated by org.testng.reporters.JUnitReportReporter -->
<testsuite skipped="0" hostname="LAPTOP-NMGNCK8Q" name="com.class5.LogoAndLogin" tests="1" failures="0" timestamp="2020-01-17T08:29:50 MST" time="7.043" errors="0">
  <testcase name="loginVerification" time="7.043" classname="com.class5.LogoAndLogin"/>
</testsuite> <!-- com.class5.LogoAndLogin -->
