<?xml version="1.0" encoding="UTF-8"?>
<!-- Generated by org.testng.reporters.JUnitReportReporter -->
<testsuite skipped="0" hostname="LAPTOP-NMGNCK8Q" name="co.class1.DifferentAnnotations" tests="1" failures="0" timestamp="2020-01-11T19:18:28 MST" time="0.008" errors="0">
  <testcase name="test" time="0.008" classname="co.class1.DifferentAnnotations"/>
</testsuite> <!-- co.class1.DifferentAnnotations -->
