<?xml version="1.0" encoding="UTF-8"?>
<!-- Generated by org.testng.reporters.JUnitReportReporter -->
<testsuite skipped="0" hostname="LAPTOP-NMGNCK8Q" name="com.class3.AlwaysRun" tests="2" failures="0" timestamp="2020-01-14T17:44:37 MST" time="0.013" errors="0">
  <testcase name="test" time="0.009" classname="com.class3.AlwaysRun"/>
  <testcase name="test1" time="0.004" classname="com.class3.AlwaysRun"/>
</testsuite> <!-- com.class3.AlwaysRun -->
