<?xml version="1.0" encoding="UTF-8"?>
<!-- Generated by org.testng.reporters.JUnitReportReporter -->
<testsuite skipped="0" hostname="LAPTOP-NMGNCK8Q" name="co.class1.TitleLogoAndLoginVerification" tests="2" failures="0" timestamp="2020-01-11T21:45:31 MST" time="12.735" errors="0">
  <testcase name="loginVerification" time="7.254" classname="co.class1.TitleLogoAndLoginVerification"/>
  <testcase name="loginFailureVerification" time="5.481" classname="co.class1.TitleLogoAndLoginVerification"/>
</testsuite> <!-- co.class1.TitleLogoAndLoginVerification -->
