<?xml version="1.0" encoding="UTF-8"?>
<!-- Generated by org.testng.reporters.JUnitReportReporter -->
<testsuite skipped="0" hostname="LAPTOP-NMGNCK8Q" name="com.class4.ListenersDemo" tests="3" failures="0" timestamp="2020-01-16T18:23:09 MST" time="0.020" errors="0">
  <testcase name="test3" time="0.002" classname="com.class4.ListenersDemo"/>
  <testcase name="test1" time="0.016" classname="com.class4.ListenersDemo"/>
  <testcase name="test2" time="0.002" classname="com.class4.ListenersDemo"/>
</testsuite> <!-- com.class4.ListenersDemo -->
