<?xml version="1.0" encoding="UTF-8"?>
<!-- Generated by org.testng.reporters.JUnitReportReporter -->
<testsuite skipped="0" hostname="LAPTOP-NMGNCK8Q" name="com.class5.LoginVerification" tests="2" failures="0" timestamp="2020-01-16T21:04:22 MST" time="29.245" errors="0">
  <testcase name="titleVerification" time="4.683" classname="com.class5.LoginVerification"/>
  <testcase name="loginVerification" time="24.562" classname="com.class5.LoginVerification"/>
</testsuite> <!-- com.class5.LoginVerification -->
