<?xml version="1.0" encoding="UTF-8"?>
<!-- Generated by org.testng.reporters.JUnitReportReporter -->
<testsuite skipped="0" hostname="LAPTOP-NMGNCK8Q" name="com.class5.TitleAndLogoVerification" tests="2" failures="0" timestamp="2020-01-16T21:06:35 MST" time="12.755" errors="0">
  <testcase name="logoVerification" time="5.681" classname="com.class5.TitleAndLogoVerification"/>
  <testcase name="loginVerification" time="7.074" classname="com.class5.TitleAndLogoVerification"/>
</testsuite> <!-- com.class5.TitleAndLogoVerification -->
