<?xml version="1.0" encoding="UTF-8"?>
<!-- Generated by org.testng.reporters.JUnitReportReporter -->
<testsuite skipped="0" hostname="LAPTOP-NMGNCK8Q" name="co.class1.TestNGDemo" tests="3" failures="0" timestamp="2020-01-11T18:52:14 MST" time="0.013" errors="0">
  <testcase name="testThree" time="0.003" classname="co.class1.TestNGDemo"/>
  <testcase name="testOne" time="0.009" classname="co.class1.TestNGDemo"/>
  <testcase name="testTwo" time="0.001" classname="co.class1.TestNGDemo"/>
</testsuite> <!-- co.class1.TestNGDemo -->
