<?xml version="1.0" encoding="UTF-8"?>
<!-- Generated by org.testng.reporters.JUnitReportReporter -->
<testsuite skipped="0" hostname="LAPTOP-NMGNCK8Q" name="com.class5.TitleAndLoginVerification" tests="2" failures="0" timestamp="2020-01-17T08:29:50 MST" time="17.879" errors="0">
  <testcase name="titleVerification" time="4.426" classname="com.class5.TitleAndLoginVerification"/>
  <testcase name="loginVerification" time="13.453" classname="com.class5.TitleAndLoginVerification"/>
</testsuite> <!-- com.class5.TitleAndLoginVerification -->
