<?xml version="1.0" encoding="UTF-8"?>
<!-- Generated by org.testng.reporters.JUnitReportReporter -->
<testsuite skipped="0" hostname="LAPTOP-NMGNCK8Q" name="com.util.DataProviderDemo" tests="3" failures="0" timestamp="2020-01-14T19:50:28 MST" time="25.833" errors="0">
  <testcase name="login" time="9.887" classname="com.util.DataProviderDemo"/>
  <testcase name="login" time="9.387" classname="com.util.DataProviderDemo"/>
  <testcase name="login" time="6.559" classname="com.util.DataProviderDemo"/>
</testsuite> <!-- com.util.DataProviderDemo -->
