<?xml version="1.0" encoding="UTF-8"?>
<!-- Generated by org.testng.reporters.JUnitReportReporter -->
<testsuite skipped="0" hostname="LAPTOP-NMGNCK8Q" name="com.class5.LoginUnloginVerification" tests="3" failures="0" timestamp="2020-01-16T20:46:41 MST" time="17.493" errors="0">
  <testcase name="Login" time="4.683" classname="com.class5.LoginUnloginVerification"/>
  <testcase name="logoVerification" time="4.727" classname="com.class5.LoginUnloginVerification"/>
  <testcase name="login" time="8.083" classname="com.class5.LoginUnloginVerification"/>
</testsuite> <!-- com.class5.LoginUnloginVerification -->
