<?xml version="1.0" encoding="UTF-8"?>
<!-- Generated by org.testng.reporters.JUnitReportReporter -->
<testsuite skipped="0" hostname="LAPTOP-NMGNCK8Q" name="co.class1.TestNGTask1" tests="3" failures="0" timestamp="2020-01-11T19:02:03 MST" time="0.017" errors="0">
  <testcase name="task02" time="0.002" classname="co.class1.TestNGTask1"/>
  <testcase name="task01" time="0.014" classname="co.class1.TestNGTask1"/>
  <testcase name="task03" time="0.001" classname="co.class1.TestNGTask1"/>
</testsuite> <!-- co.class1.TestNGTask1 -->
