<?xml version="1.0" encoding="UTF-8"?>
<!-- Generated by org.testng.reporters.JUnitReportReporter -->
<testsuite skipped="0" hostname="Sumairs-MacBook-Pro.local" name="com.practice.XLReading" tests="1" failures="0" timestamp="2020-01-21T22:00:42 EST" time="0.415" errors="0">
  <testcase name="read" time="0.415" classname="com.practice.XLReading"/>
</testsuite> <!-- com.practice.XLReading -->
