<?xml version="1.0" encoding="UTF-8"?>
<!-- Generated by org.testng.reporters.JUnitReportReporter -->
<testsuite skipped="0" hostname="Sumairs-MacBook-Pro.local" name="com.practice.XlRecap" tests="1" failures="0" timestamp="2020-01-23T20:02:23 EST" time="0.431" errors="0">
  <testcase name="read" time="0.431" classname="com.practice.XlRecap"/>
</testsuite> <!-- com.practice.XlRecap -->
