<?xml version="1.0" encoding="UTF-8"?>
<!-- Generated by org.testng.reporters.JUnitReportReporter -->
<testsuite skipped="0" hostname="Sumairs-MacBook-Pro.local" name="com.practice.ExcelWriting" tests="1" failures="0" timestamp="2020-01-23T20:23:11 EST" time="0.515" errors="0">
  <testcase name="write" time="0.515" classname="com.practice.ExcelWriting"/>
</testsuite> <!-- com.practice.ExcelWriting -->
