<?xml version="1.0" encoding="UTF-8"?>
<!-- Generated by org.testng.reporters.JUnitReportReporter -->
<testsuite skipped="0" hostname="Sumairs-MacBook-Pro.local" name="com.hrms.testcases.AddEmployeePageTest" tests="2" failures="0" timestamp="2020-01-25T13:31:30 EST" time="67.213" errors="0">
  <testcase name="addMultipleEmpoyee" time="48.514" classname="com.hrms.testcases.AddEmployeePageTest"/>
  <testcase name="addMultipleEmpoyee" time="18.699" classname="com.hrms.testcases.AddEmployeePageTest"/>
</testsuite> <!-- com.hrms.testcases.AddEmployeePageTest -->
