<?xml version="1.0" encoding="UTF-8"?>
<!-- Generated by org.testng.reporters.JUnitReportReporter -->
<testsuite skipped="0" hostname="Sumairs-MacBook-Pro.local" name="com.hrms.testcases.LeaveListPageTest" tests="1" failures="0" timestamp="2020-01-25T13:31:35 EST" time="15.154" errors="0">
  <testcase name="leaveLabelvalidation" time="15.154" classname="com.hrms.testcases.LeaveListPageTest"/>
</testsuite> <!-- com.hrms.testcases.LeaveListPageTest -->
