<?xml version="1.0" encoding="UTF-8"?>
<!-- Generated by org.testng.reporters.JUnitReportReporter -->
<testsuite skipped="0" hostname="Sumairs-MacBook-Pro.local" name="com.parctice.Testing" tests="1" failures="0" timestamp="2020-01-18T12:24:21 EST" time="0.011" errors="0">
  <testcase name="testing" time="0.011" classname="com.parctice.Testing"/>
</testsuite> <!-- com.parctice.Testing -->
