<?xml version="1.0" encoding="UTF-8"?>
<!-- Generated by org.testng.reporters.JUnitReportReporter -->
<testsuite skipped="0" hostname="Sumairs-MacBook-Pro.local" name="com.testcases.LoginPageTest" tests="1" failures="0" timestamp="2020-01-19T11:40:09 EST" time="8.555" errors="0">
  <testcase name="negativeLogin" time="8.555" classname="com.testcases.LoginPageTest"/>
</testsuite> <!-- com.testcases.LoginPageTest -->
